<?xml version="1.0" encoding="UTF-8"?>
<testsuite xmlns:xsi="http://www.w3.org/2001/XMLSchema-instance" xsi:noNamespaceSchemaLocation="https://maven.apache.org/surefire/maven-surefire-plugin/xsd/surefire-test-report.xsd" name="TestSuite" time="334.508" tests="25" errors="0" skipped="0" failures="5">
  <properties>
[...]
</properties>
  <testcase name="test1BurgerButton" classname="testcases.TestHomePage" time="0.693"/>
  <testcase name="testBurgerMenuSwipeUpnDown" classname="testcases.TestHomePage" time="2.899"/>
  <testcase name="testClickOnEducation" classname="testcases.TestHomePage" time="1.11"/>
  <testcase name="testClickOnTopStories" classname="testcases.TestHomePage" time="4.941"/>
  <testcase name="testClickOntrending" classname="testcases.TestHomePage" time="2.171"/>
  <testcase name="testGetEntertainment" classname="testcases.TestHomePage" time="3.083"/>
  <testcase name="testGetLife" classname="testcases.TestHomePage" time="2.821"/>
  <testcase name="testGetNationWorld" classname="testcases.TestHomePage" time="2.144"/>
  <testcase name="testGetOpinion" classname="testcases.TestHomePage" time="3.081"/>
  <testcase name="testGetSports" classname="testcases.TestHomePage" time="3.224"/>
  <testcase name="testGetTitle" classname="testcases.TestHomePage" time="2.147"/>
  <testcase name="testHomePageSwipeUpnDown" classname="testcases.TestHomePage" time="2.508"/>
  <testcase name="testScrollMenuList" classname="testcases.TestHomePage" time="1.206">
    <failure message="javax.xml.transform.TransformerException: Extra illegal tokens: &apos;READING&apos;, &apos;LIST&apos; (WARNING: The server did not provide any stacktrace information)&#10;Command duration or timeout: 106 milliseconds&#10;For documentation on this error, please visit: http://seleniumhq.org/exceptions/invalid_selector_exception.html&#10;Build info: version: &apos;2.43.1&apos;, revision: &apos;5163bceef1bc36d43f3dc0b83c88998168a363a0&apos;, time: &apos;2014-09-10 09:43:55&apos;&#10;System info: host: &apos;DESKTOP-SUVDR7C&apos;, ip: &apos;192.168.179.1&apos;, os.name: &apos;Windows 10&apos;, os.arch: &apos;amd64&apos;, os.version: &apos;10.0&apos;, java.version: &apos;11.0.1&apos;&#10;Driver info: io.appium.java_client.android.AndroidDriver&#10;Capabilities [{app=C:\Users\arifq\Desktop\Java N Selenium\AndroidAutomationProject\SeattleTimes\src\app\The Seattle Times.apk, appPackage=com.seattletimes.android.SeattleTimesMobileNews, deviceScreenSize=1080x1920, networkConnectionEnabled=true, warnings={}, appWaitPackage=com.seattletimes.android.SeattleTimesMobileNews, appWaitActivity=android.seattletimes.com.seattletimesmobile.activities.MainTabbedActivity, databaseEnabled=false, deviceName=emulator-5554, platform=LINUX, deviceUDID=emulator-5554, appActivity=android.seattletimes.com.seattletimesmobile.activities.MainTabbedActivity, desired={app=C:\Users\arifq\Desktop\Java N Selenium\AndroidAutomationProject\SeattleTimes\src\app\The Seattle Times.apk, platformVersion=8.0, platformName=Android, deviceName=Nexus}, platformVersion=8.0.0, webStorageEnabled=false, locationContextEnabled=false, takesScreenshot=true, javascriptEnabled=true, deviceModel=Android SDK built for x86, platformName=Android, deviceManufacturer=Google}]&#10;Session ID: c7446714-ab3d-4ac6-b81f-450b9cb05d85" type="org.openqa.selenium.InvalidSelectorException">org.openqa.selenium.InvalidSelectorException: javax.xml.transform.TransformerException: Extra illegal tokens: 'READING', 'LIST' (WARNING: The server did not provide any stacktrace information)
Command duration or timeout: 106 milliseconds
For documentation on this error, please visit: http://seleniumhq.org/exceptions/invalid_selector_exception.html
Build info: version: '2.43.1', revision: '5163bceef1bc36d43f3dc0b83c88998168a363a0', time: '2014-09-10 09:43:55'
System info: host: 'DESKTOP-SUVDR7C', ip: '192.168.179.1', os.name: 'Windows 10', os.arch: 'amd64', os.version: '10.0', java.version: '11.0.1'
Driver info: io.appium.java_client.android.AndroidDriver
Capabilities [{app=C:\Users\arifq\Desktop\Java N Selenium\AndroidAutomationProject\SeattleTimes\src\app\The Seattle Times.apk, appPackage=com.seattletimes.android.SeattleTimesMobileNews, deviceScreenSize=1080x1920, networkConnectionEnabled=true, warnings={}, appWaitPackage=com.seattletimes.android.SeattleTimesMobileNews, appWaitActivity=android.seattletimes.com.seattletimesmobile.activities.MainTabbedActivity, databaseEnabled=false, deviceName=emulator-5554, platform=LINUX, deviceUDID=emulator-5554, appActivity=android.seattletimes.com.seattletimesmobile.activities.MainTabbedActivity, desired={app=C:\Users\arifq\Desktop\Java N Selenium\AndroidAutomationProject\SeattleTimes\src\app\The Seattle Times.apk, platformVersion=8.0, platformName=Android, deviceName=Nexus}, platformVersion=8.0.0, webStorageEnabled=false, locationContextEnabled=false, takesScreenshot=true, javascriptEnabled=true, deviceModel=Android SDK built for x86, platformName=Android, deviceManufacturer=Google}]
Session ID: c7446714-ab3d-4ac6-b81f-450b9cb05d85
	at java.base/jdk.internal.reflect.NativeConstructorAccessorImpl.newInstance0(Native Method)
	at java.base/jdk.internal.reflect.NativeConstructorAccessorImpl.newInstance(NativeConstructorAccessorImpl.java:62)
	at java.base/jdk.internal.reflect.DelegatingConstructorAccessorImpl.newInstance(DelegatingConstructorAccessorImpl.java:45)
	at java.base/java.lang.reflect.Constructor.newInstance(Constructor.java:490)
	at org.openqa.selenium.remote.ErrorHandler.createThrowable(ErrorHandler.java:204)
	at org.openqa.selenium.remote.ErrorHandler.throwIfResponseFailed(ErrorHandler.java:156)
	at org.openqa.selenium.remote.RemoteWebDriver.execute(RemoteWebDriver.java:599)
	at io.appium.java_client.AppiumDriver.execute(AppiumDriver.java:180)
	at org.openqa.selenium.remote.RemoteWebDriver.findElement(RemoteWebDriver.java:352)
	at org.openqa.selenium.remote.RemoteWebDriver.findElementByXPath(RemoteWebDriver.java:449)
	at base.MobileAPI.scrollToElement(MobileAPI.java:420)
	at pages.HomePage.scrollMenuList(HomePage.java:150)
	at testcases.TestHomePage.testScrollMenuList(TestHomePage.java:95)
</failure>
    <system-out><![CDATA[TestHomePage: test Scroll Menu List
TestHomePage: click Burger Button
]]></system-out>
  </testcase>
  <testcase name="testTapOnBurgerMenu" classname="testcases.TestHomePage" time="10.057">
    <failure message="An element could not be located on the page using the given search parameters. (WARNING: The server did not provide any stacktrace information)&#10;Command duration or timeout: 10.05 seconds&#10;For documentation on this error, please visit: http://seleniumhq.org/exceptions/no_such_element.html&#10;Build info: version: &apos;2.43.1&apos;, revision: &apos;5163bceef1bc36d43f3dc0b83c88998168a363a0&apos;, time: &apos;2014-09-10 09:43:55&apos;&#10;System info: host: &apos;DESKTOP-SUVDR7C&apos;, ip: &apos;192.168.179.1&apos;, os.name: &apos;Windows 10&apos;, os.arch: &apos;amd64&apos;, os.version: &apos;10.0&apos;, java.version: &apos;11.0.1&apos;&#10;Driver info: io.appium.java_client.android.AndroidDriver&#10;Capabilities [{app=C:\Users\arifq\Desktop\Java N Selenium\AndroidAutomationProject\SeattleTimes\src\app\The Seattle Times.apk, appPackage=com.seattletimes.android.SeattleTimesMobileNews, deviceScreenSize=1080x1920, networkConnectionEnabled=true, warnings={}, appWaitPackage=com.seattletimes.android.SeattleTimesMobileNews, appWaitActivity=android.seattletimes.com.seattletimesmobile.activities.MainTabbedActivity, databaseEnabled=false, deviceName=emulator-5554, platform=LINUX, deviceUDID=emulator-5554, appActivity=android.seattletimes.com.seattletimesmobile.activities.MainTabbedActivity, desired={app=C:\Users\arifq\Desktop\Java N Selenium\AndroidAutomationProject\SeattleTimes\src\app\The Seattle Times.apk, platformVersion=8.0, platformName=Android, deviceName=Nexus}, platformVersion=8.0.0, webStorageEnabled=false, locationContextEnabled=false, takesScreenshot=true, javascriptEnabled=true, deviceModel=Android SDK built for x86, platformName=Android, deviceManufacturer=Google}]&#10;Session ID: 9efac5c5-e210-471e-b026-fd68111d3e6f" type="org.openqa.selenium.NoSuchElementException">org.openqa.selenium.NoSuchElementException: An element could not be located on the page using the given search parameters. (WARNING: The server did not provide any stacktrace information)
Command duration or timeout: 10.05 seconds
For documentation on this error, please visit: http://seleniumhq.org/exceptions/no_such_element.html
Build info: version: '2.43.1', revision: '5163bceef1bc36d43f3dc0b83c88998168a363a0', time: '2014-09-10 09:43:55'
System info: host: 'DESKTOP-SUVDR7C', ip: '192.168.179.1', os.name: 'Windows 10', os.arch: 'amd64', os.version: '10.0', java.version: '11.0.1'
Driver info: io.appium.java_client.android.AndroidDriver
Capabilities [{app=C:\Users\arifq\Desktop\Java N Selenium\AndroidAutomationProject\SeattleTimes\src\app\The Seattle Times.apk, appPackage=com.seattletimes.android.SeattleTimesMobileNews, deviceScreenSize=1080x1920, networkConnectionEnabled=true, warnings={}, appWaitPackage=com.seattletimes.android.SeattleTimesMobileNews, appWaitActivity=android.seattletimes.com.seattletimesmobile.activities.MainTabbedActivity, databaseEnabled=false, deviceName=emulator-5554, platform=LINUX, deviceUDID=emulator-5554, appActivity=android.seattletimes.com.seattletimesmobile.activities.MainTabbedActivity, desired={app=C:\Users\arifq\Desktop\Java N Selenium\AndroidAutomationProject\SeattleTimes\src\app\The Seattle Times.apk, platformVersion=8.0, platformName=Android, deviceName=Nexus}, platformVersion=8.0.0, webStorageEnabled=false, locationContextEnabled=false, takesScreenshot=true, javascriptEnabled=true, deviceModel=Android SDK built for x86, platformName=Android, deviceManufacturer=Google}]
Session ID: 9efac5c5-e210-471e-b026-fd68111d3e6f
	at java.base/jdk.internal.reflect.NativeConstructorAccessorImpl.newInstance0(Native Method)
	at java.base/jdk.internal.reflect.NativeConstructorAccessorImpl.newInstance(NativeConstructorAccessorImpl.java:62)
	at java.base/jdk.internal.reflect.DelegatingConstructorAccessorImpl.newInstance(DelegatingConstructorAccessorImpl.java:45)
	at java.base/java.lang.reflect.Constructor.newInstance(Constructor.java:490)
	at org.openqa.selenium.remote.ErrorHandler.createThrowable(ErrorHandler.java:204)
	at org.openqa.selenium.remote.ErrorHandler.throwIfResponseFailed(ErrorHandler.java:156)
	at org.openqa.selenium.remote.RemoteWebDriver.execute(RemoteWebDriver.java:599)
	at io.appium.java_client.AppiumDriver.execute(AppiumDriver.java:180)
	at org.openqa.selenium.remote.RemoteWebDriver.findElement(RemoteWebDriver.java:352)
	at org.openqa.selenium.remote.RemoteWebDriver.findElementByXPath(RemoteWebDriver.java:449)
	at org.openqa.selenium.By$ByXPath.findElement(By.java:357)
	at org.openqa.selenium.remote.RemoteWebDriver.findElement(RemoteWebDriver.java:344)
	at base.MobileAPI.tapOn(MobileAPI.java:340)
	at testcases.TestHomePage.testTapOnBurgerMenu(TestHomePage.java:110)
</failure>
    <system-out><![CDATA[TestHomePage: test Tap On Burger Menu
]]></system-out>
  </testcase>
  <testcase name="testTapOnLatest" classname="testcases.TestHomePage" time="10.551">
    <failure message="An element could not be located on the page using the given search parameters. (WARNING: The server did not provide any stacktrace information)&#10;Command duration or timeout: 10.55 seconds&#10;For documentation on this error, please visit: http://seleniumhq.org/exceptions/no_such_element.html&#10;Build info: version: &apos;2.43.1&apos;, revision: &apos;5163bceef1bc36d43f3dc0b83c88998168a363a0&apos;, time: &apos;2014-09-10 09:43:55&apos;&#10;System info: host: &apos;DESKTOP-SUVDR7C&apos;, ip: &apos;192.168.179.1&apos;, os.name: &apos;Windows 10&apos;, os.arch: &apos;amd64&apos;, os.version: &apos;10.0&apos;, java.version: &apos;11.0.1&apos;&#10;Driver info: io.appium.java_client.android.AndroidDriver&#10;Capabilities [{app=C:\Users\arifq\Desktop\Java N Selenium\AndroidAutomationProject\SeattleTimes\src\app\The Seattle Times.apk, appPackage=com.seattletimes.android.SeattleTimesMobileNews, deviceScreenSize=1080x1920, networkConnectionEnabled=true, warnings={}, appWaitPackage=com.seattletimes.android.SeattleTimesMobileNews, appWaitActivity=android.seattletimes.com.seattletimesmobile.activities.MainTabbedActivity, databaseEnabled=false, deviceName=emulator-5554, platform=LINUX, deviceUDID=emulator-5554, appActivity=android.seattletimes.com.seattletimesmobile.activities.MainTabbedActivity, desired={app=C:\Users\arifq\Desktop\Java N Selenium\AndroidAutomationProject\SeattleTimes\src\app\The Seattle Times.apk, platformVersion=8.0, platformName=Android, deviceName=Nexus}, platformVersion=8.0.0, webStorageEnabled=false, locationContextEnabled=false, takesScreenshot=true, javascriptEnabled=true, deviceModel=Android SDK built for x86, platformName=Android, deviceManufacturer=Google}]&#10;Session ID: d3c3afe5-7f45-4675-b449-0d007cdcac38" type="org.openqa.selenium.NoSuchElementException">org.openqa.selenium.NoSuchElementException: An element could not be located on the page using the given search parameters. (WARNING: The server did not provide any stacktrace information)
Command duration or timeout: 10.55 seconds
For documentation on this error, please visit: http://seleniumhq.org/exceptions/no_such_element.html
Build info: version: '2.43.1', revision: '5163bceef1bc36d43f3dc0b83c88998168a363a0', time: '2014-09-10 09:43:55'
System info: host: 'DESKTOP-SUVDR7C', ip: '192.168.179.1', os.name: 'Windows 10', os.arch: 'amd64', os.version: '10.0', java.version: '11.0.1'
Driver info: io.appium.java_client.android.AndroidDriver
Capabilities [{app=C:\Users\arifq\Desktop\Java N Selenium\AndroidAutomationProject\SeattleTimes\src\app\The Seattle Times.apk, appPackage=com.seattletimes.android.SeattleTimesMobileNews, deviceScreenSize=1080x1920, networkConnectionEnabled=true, warnings={}, appWaitPackage=com.seattletimes.android.SeattleTimesMobileNews, appWaitActivity=android.seattletimes.com.seattletimesmobile.activities.MainTabbedActivity, databaseEnabled=false, deviceName=emulator-5554, platform=LINUX, deviceUDID=emulator-5554, appActivity=android.seattletimes.com.seattletimesmobile.activities.MainTabbedActivity, desired={app=C:\Users\arifq\Desktop\Java N Selenium\AndroidAutomationProject\SeattleTimes\src\app\The Seattle Times.apk, platformVersion=8.0, platformName=Android, deviceName=Nexus}, platformVersion=8.0.0, webStorageEnabled=false, locationContextEnabled=false, takesScreenshot=true, javascriptEnabled=true, deviceModel=Android SDK built for x86, platformName=Android, deviceManufacturer=Google}]
Session ID: d3c3afe5-7f45-4675-b449-0d007cdcac38
	at java.base/jdk.internal.reflect.NativeConstructorAccessorImpl.newInstance0(Native Method)
	at java.base/jdk.internal.reflect.NativeConstructorAccessorImpl.newInstance(NativeConstructorAccessorImpl.java:62)
	at java.base/jdk.internal.reflect.DelegatingConstructorAccessorImpl.newInstance(DelegatingConstructorAccessorImpl.java:45)
	at java.base/java.lang.reflect.Constructor.newInstance(Constructor.java:490)
	at org.openqa.selenium.remote.ErrorHandler.createThrowable(ErrorHandler.java:204)
	at org.openqa.selenium.remote.ErrorHandler.throwIfResponseFailed(ErrorHandler.java:156)
	at org.openqa.selenium.remote.RemoteWebDriver.execute(RemoteWebDriver.java:599)
	at io.appium.java_client.AppiumDriver.execute(AppiumDriver.java:180)
	at org.openqa.selenium.remote.RemoteWebDriver.findElement(RemoteWebDriver.java:352)
	at org.openqa.selenium.remote.RemoteWebDriver.findElementByXPath(RemoteWebDriver.java:449)
	at org.openqa.selenium.By$ByXPath.findElement(By.java:357)
	at org.openqa.selenium.remote.RemoteWebDriver.findElement(RemoteWebDriver.java:344)
	at base.MobileAPI.tapOn(MobileAPI.java:340)
	at testcases.TestHomePage.testTapOnLatest(TestHomePage.java:120)
</failure>
    <system-out><![CDATA[TestHomePage: test Tap On Latest
]]></system-out>
  </testcase>
  <testcase name="testTapOnTopStories" classname="testcases.TestHomePage" time="0.522">
    <failure message="class io.appium.java_client.android.AndroidElement cannot be cast to class io.appium.java_client.MobileDriver (io.appium.java_client.android.AndroidElement and io.appium.java_client.MobileDriver are in unnamed module of loader &apos;app&apos;)" type="java.lang.ClassCastException">java.lang.ClassCastException: class io.appium.java_client.android.AndroidElement cannot be cast to class io.appium.java_client.MobileDriver (io.appium.java_client.android.AndroidElement and io.appium.java_client.MobileDriver are in unnamed module of loader 'app')
	at base.MobileAPI.tapOn(MobileAPI.java:340)
	at testcases.TestHomePage.testTapOnTopStories(TestHomePage.java:115)
</failure>
    <system-out><![CDATA[TestHomePage: test Tap On Top Stories
]]></system-out>
  </testcase>
  <testcase name="testTapOnTrending" classname="testcases.TestHomePage" time="10.418">
    <failure message="An element could not be located on the page using the given search parameters. (WARNING: The server did not provide any stacktrace information)&#10;Command duration or timeout: 10.41 seconds&#10;For documentation on this error, please visit: http://seleniumhq.org/exceptions/no_such_element.html&#10;Build info: version: &apos;2.43.1&apos;, revision: &apos;5163bceef1bc36d43f3dc0b83c88998168a363a0&apos;, time: &apos;2014-09-10 09:43:55&apos;&#10;System info: host: &apos;DESKTOP-SUVDR7C&apos;, ip: &apos;192.168.179.1&apos;, os.name: &apos;Windows 10&apos;, os.arch: &apos;amd64&apos;, os.version: &apos;10.0&apos;, java.version: &apos;11.0.1&apos;&#10;Driver info: io.appium.java_client.android.AndroidDriver&#10;Capabilities [{app=C:\Users\arifq\Desktop\Java N Selenium\AndroidAutomationProject\SeattleTimes\src\app\The Seattle Times.apk, appPackage=com.seattletimes.android.SeattleTimesMobileNews, deviceScreenSize=1080x1920, networkConnectionEnabled=true, warnings={}, appWaitPackage=com.seattletimes.android.SeattleTimesMobileNews, appWaitActivity=android.seattletimes.com.seattletimesmobile.activities.MainTabbedActivity, databaseEnabled=false, deviceName=emulator-5554, platform=LINUX, deviceUDID=emulator-5554, appActivity=android.seattletimes.com.seattletimesmobile.activities.MainTabbedActivity, desired={app=C:\Users\arifq\Desktop\Java N Selenium\AndroidAutomationProject\SeattleTimes\src\app\The Seattle Times.apk, platformVersion=8.0, platformName=Android, deviceName=Nexus}, platformVersion=8.0.0, webStorageEnabled=false, locationContextEnabled=false, takesScreenshot=true, javascriptEnabled=true, deviceModel=Android SDK built for x86, platformName=Android, deviceManufacturer=Google}]&#10;Session ID: cd340ed1-8cf5-429a-92d1-9efc78f0a66f" type="org.openqa.selenium.NoSuchElementException">org.openqa.selenium.NoSuchElementException: An element could not be located on the page using the given search parameters. (WARNING: The server did not provide any stacktrace information)
Command duration or timeout: 10.41 seconds
For documentation on this error, please visit: http://seleniumhq.org/exceptions/no_such_element.html
Build info: version: '2.43.1', revision: '5163bceef1bc36d43f3dc0b83c88998168a363a0', time: '2014-09-10 09:43:55'
System info: host: 'DESKTOP-SUVDR7C', ip: '192.168.179.1', os.name: 'Windows 10', os.arch: 'amd64', os.version: '10.0', java.version: '11.0.1'
Driver info: io.appium.java_client.android.AndroidDriver
Capabilities [{app=C:\Users\arifq\Desktop\Java N Selenium\AndroidAutomationProject\SeattleTimes\src\app\The Seattle Times.apk, appPackage=com.seattletimes.android.SeattleTimesMobileNews, deviceScreenSize=1080x1920, networkConnectionEnabled=true, warnings={}, appWaitPackage=com.seattletimes.android.SeattleTimesMobileNews, appWaitActivity=android.seattletimes.com.seattletimesmobile.activities.MainTabbedActivity, databaseEnabled=false, deviceName=emulator-5554, platform=LINUX, deviceUDID=emulator-5554, appActivity=android.seattletimes.com.seattletimesmobile.activities.MainTabbedActivity, desired={app=C:\Users\arifq\Desktop\Java N Selenium\AndroidAutomationProject\SeattleTimes\src\app\The Seattle Times.apk, platformVersion=8.0, platformName=Android, deviceName=Nexus}, platformVersion=8.0.0, webStorageEnabled=false, locationContextEnabled=false, takesScreenshot=true, javascriptEnabled=true, deviceModel=Android SDK built for x86, platformName=Android, deviceManufacturer=Google}]
Session ID: cd340ed1-8cf5-429a-92d1-9efc78f0a66f
	at java.base/jdk.internal.reflect.NativeConstructorAccessorImpl.newInstance0(Native Method)
	at java.base/jdk.internal.reflect.NativeConstructorAccessorImpl.newInstance(NativeConstructorAccessorImpl.java:62)
	at java.base/jdk.internal.reflect.DelegatingConstructorAccessorImpl.newInstance(DelegatingConstructorAccessorImpl.java:45)
	at java.base/java.lang.reflect.Constructor.newInstance(Constructor.java:490)
	at org.openqa.selenium.remote.ErrorHandler.createThrowable(ErrorHandler.java:204)
	at org.openqa.selenium.remote.ErrorHandler.throwIfResponseFailed(ErrorHandler.java:156)
	at org.openqa.selenium.remote.RemoteWebDriver.execute(RemoteWebDriver.java:599)
	at io.appium.java_client.AppiumDriver.execute(AppiumDriver.java:180)
	at org.openqa.selenium.remote.RemoteWebDriver.findElement(RemoteWebDriver.java:352)
	at org.openqa.selenium.remote.RemoteWebDriver.findElementByXPath(RemoteWebDriver.java:449)
	at org.openqa.selenium.By$ByXPath.findElement(By.java:357)
	at org.openqa.selenium.remote.RemoteWebDriver.findElement(RemoteWebDriver.java:344)
	at base.MobileAPI.tapOn(MobileAPI.java:340)
	at testcases.TestHomePage.testTapOnTrending(TestHomePage.java:125)
</failure>
    <system-out><![CDATA[TestHomePage: test Tap On Trending
]]></system-out>
  </testcase>
  <testcase name="testscrollMenuList" classname="testcases.TestHomePage" time="2.057"/>
  <testcase name="testscrollPNWMagazine" classname="testcases.TestHomePage" time="4.756"/>
  <testcase name="testscrollToBusiness" classname="testcases.TestHomePage" time="2.464"/>
  <testcase name="testscrollToGetBusinessNews" classname="testcases.TestHomePage" time="2.807"/>
  <testcase name="testscrollToGetNews" classname="testcases.TestHomePage" time="2.389"/>
  <testcase name="testscrollToLocal" classname="testcases.TestHomePage" time="2.511"/>
  <testcase name="testscrollToMyReadingList" classname="testcases.TestHomePage" time="2.589"/>
  <testcase name="testscrollToSports" classname="testcases.TestHomePage" time="2.474"/>
</testsuite>