<?xml version="1.0" encoding="UTF-8"?>
<testsuite xmlns:xsi="http://www.w3.org/2001/XMLSchema-instance" xsi:noNamespaceSchemaLocation="https://maven.apache.org/surefire/maven-surefire-plugin/xsd/surefire-test-report.xsd" name="TestSuite" time="2.282" tests="126" errors="0" skipped="125" failures="1">
  <properties>
[...]
</properties>
  <testcase name="setUp" classname="testcases.TestHomePage" time="2.029">
    <failure message="Could not start a new session. Possible causes are invalid address of the remote server or browser start-up failure.&#10;Build info: version: &apos;2.43.1&apos;, revision: &apos;5163bceef1bc36d43f3dc0b83c88998168a363a0&apos;, time: &apos;2014-09-10 09:43:55&apos;&#10;System info: host: &apos;DESKTOP-SUVDR7C&apos;, ip: &apos;192.168.179.1&apos;, os.name: &apos;Windows 10&apos;, os.arch: &apos;amd64&apos;, os.version: &apos;10.0&apos;, java.version: &apos;11.0.1&apos;&#10;Driver info: driver.version: AndroidDriver" type="org.openqa.selenium.remote.UnreachableBrowserException"><![CDATA[org.openqa.selenium.remote.UnreachableBrowserException: Could not start a new session. Possible causes are invalid address of the remote server or browser start-up failure.
Build info: version: '2.43.1', revision: '5163bceef1bc36d43f3dc0b83c88998168a363a0', time: '2014-09-10 09:43:55'
System info: host: 'DESKTOP-SUVDR7C', ip: '192.168.179.1', os.name: 'Windows 10', os.arch: 'amd64', os.version: '10.0', java.version: '11.0.1'
Driver info: driver.version: AndroidDriver
	at org.openqa.selenium.remote.RemoteWebDriver.execute(RemoteWebDriver.java:593)
	at io.appium.java_client.AppiumDriver.execute(AppiumDriver.java:180)
	at org.openqa.selenium.remote.RemoteWebDriver.startSession(RemoteWebDriver.java:240)
	at org.openqa.selenium.remote.RemoteWebDriver.<init>(RemoteWebDriver.java:126)
	at org.openqa.selenium.remote.RemoteWebDriver.<init>(RemoteWebDriver.java:153)
	at io.appium.java_client.AppiumDriver.<init>(AppiumDriver.java:109)
	at io.appium.java_client.android.AndroidDriver.<init>(AndroidDriver.java:39)
	at base.MobileAPI.setUpAndroidEnv(MobileAPI.java:169)
	at base.MobileAPI.setUp(MobileAPI.java:138)
	at java.base/jdk.internal.reflect.NativeMethodAccessorImpl.invoke0(Native Method)
	at java.base/jdk.internal.reflect.NativeMethodAccessorImpl.invoke(NativeMethodAccessorImpl.java:62)
	at java.base/jdk.internal.reflect.DelegatingMethodAccessorImpl.invoke(DelegatingMethodAccessorImpl.java:43)
	at java.base/java.lang.reflect.Method.invoke(Method.java:566)
	at org.testng.internal.MethodInvocationHelper.invokeMethod(MethodInvocationHelper.java:86)
	at org.testng.internal.Invoker.invokeConfigurationMethod(Invoker.java:514)
	at org.testng.internal.Invoker.invokeConfigurations(Invoker.java:215)
	at org.testng.internal.Invoker.invokeMethod(Invoker.java:589)
	at org.testng.internal.Invoker.invokeTestMethod(Invoker.java:820)
	at org.testng.internal.Invoker.invokeTestMethods(Invoker.java:1128)
	at org.testng.internal.TestMethodWorker.invokeTestMethods(TestMethodWorker.java:129)
	at org.testng.internal.TestMethodWorker.run(TestMethodWorker.java:112)
	at org.testng.TestRunner.privateRun(TestRunner.java:782)
	at org.testng.TestRunner.run(TestRunner.java:632)
	at org.testng.SuiteRunner.runTest(SuiteRunner.java:366)
	at org.testng.SuiteRunner.runSequentially(SuiteRunner.java:361)
	at org.testng.SuiteRunner.privateRun(SuiteRunner.java:319)
	at org.testng.SuiteRunner.run(SuiteRunner.java:268)
	at org.testng.SuiteRunnerWorker.runSuite(SuiteRunnerWorker.java:52)
	at org.testng.SuiteRunnerWorker.run(SuiteRunnerWorker.java:86)
	at org.testng.TestNG.runSuitesSequentially(TestNG.java:1244)
	at org.testng.TestNG.runSuitesLocally(TestNG.java:1169)
	at org.testng.TestNG.run(TestNG.java:1064)
	at org.apache.maven.surefire.testng.TestNGExecutor.run(TestNGExecutor.java:283)
	at org.apache.maven.surefire.testng.TestNGXmlTestSuite.execute(TestNGXmlTestSuite.java:75)
	at org.apache.maven.surefire.testng.TestNGProvider.invoke(TestNGProvider.java:120)
	at org.apache.maven.surefire.booter.ForkedBooter.invokeProviderInSameClassLoader(ForkedBooter.java:379)
	at org.apache.maven.surefire.booter.ForkedBooter.runSuitesInProcess(ForkedBooter.java:340)
	at org.apache.maven.surefire.booter.ForkedBooter.execute(ForkedBooter.java:125)
	at org.apache.maven.surefire.booter.ForkedBooter.main(ForkedBooter.java:413)
Caused by: org.apache.http.conn.HttpHostConnectException: Connect to 0.0.0.0:4723 [/0.0.0.0] failed: Connection refused: connect
	at org.apache.http.impl.conn.HttpClientConnectionOperator.connect(HttpClientConnectionOperator.java:140)
	at org.apache.http.impl.conn.PoolingHttpClientConnectionManager.connect(PoolingHttpClientConnectionManager.java:314)
	at org.apache.http.impl.execchain.MainClientExec.establishRoute(MainClientExec.java:363)
	at org.apache.http.impl.execchain.MainClientExec.execute(MainClientExec.java:219)
	at org.apache.http.impl.execchain.ProtocolExec.execute(ProtocolExec.java:195)
	at org.apache.http.impl.execchain.RetryExec.execute(RetryExec.java:86)
	at org.apache.http.impl.execchain.RedirectExec.execute(RedirectExec.java:108)
	at org.apache.http.impl.client.InternalHttpClient.doExecute(InternalHttpClient.java:186)
	at org.apache.http.impl.client.CloseableHttpClient.execute(CloseableHttpClient.java:72)
	at org.apache.http.impl.client.CloseableHttpClient.execute(CloseableHttpClient.java:57)
	at org.openqa.selenium.remote.HttpCommandExecutor.fallBackExecute(HttpCommandExecutor.java:215)
	at org.openqa.selenium.remote.HttpCommandExecutor.execute(HttpCommandExecutor.java:184)
	at org.openqa.selenium.remote.RemoteWebDriver.execute(RemoteWebDriver.java:572)
	at io.appium.java_client.AppiumDriver.execute(AppiumDriver.java:180)
	at org.openqa.selenium.remote.RemoteWebDriver.startSession(RemoteWebDriver.java:240)
	at org.openqa.selenium.remote.RemoteWebDriver.<init>(RemoteWebDriver.java:126)
	at org.openqa.selenium.remote.RemoteWebDriver.<init>(RemoteWebDriver.java:153)
	at io.appium.java_client.AppiumDriver.<init>(AppiumDriver.java:109)
	at io.appium.java_client.android.AndroidDriver.<init>(AndroidDriver.java:39)
	at base.MobileAPI.setUpAndroidEnv(MobileAPI.java:169)
	at base.MobileAPI.setUp(MobileAPI.java:138)
	at java.base/jdk.internal.reflect.NativeMethodAccessorImpl.invoke0(Native Method)
	at java.base/jdk.internal.reflect.NativeMethodAccessorImpl.invoke(NativeMethodAccessorImpl.java:62)
	at java.base/jdk.internal.reflect.DelegatingMethodAccessorImpl.invoke(DelegatingMethodAccessorImpl.java:43)
	at java.base/java.lang.reflect.Method.invoke(Method.java:566)
	at org.testng.internal.MethodInvocationHelper.invokeMethod(MethodInvocationHelper.java:86)
	at org.testng.internal.Invoker.invokeConfigurationMethod(Invoker.java:514)
	at org.testng.internal.Invoker.invokeConfigurations(Invoker.java:215)
	at org.testng.internal.Invoker.invokeMethod(Invoker.java:589)
	at org.testng.internal.Invoker.invokeTestMethod(Invoker.java:820)
	at org.testng.internal.Invoker.invokeTestMethods(Invoker.java:1128)
	at org.testng.internal.TestMethodWorker.invokeTestMethods(TestMethodWorker.java:129)
	at org.testng.internal.TestMethodWorker.run(TestMethodWorker.java:112)
	at org.testng.TestRunner.privateRun(TestRunner.java:782)
	at org.testng.TestRunner.run(TestRunner.java:632)
	at org.testng.SuiteRunner.runTest(SuiteRunner.java:366)
	at org.testng.SuiteRunner.runSequentially(SuiteRunner.java:361)
	at org.testng.SuiteRunner.privateRun(SuiteRunner.java:319)
	at org.testng.SuiteRunner.run(SuiteRunner.java:268)
	at org.testng.SuiteRunnerWorker.runSuite(SuiteRunnerWorker.java:52)
	at org.testng.SuiteRunnerWorker.run(SuiteRunnerWorker.java:86)
	at org.testng.TestNG.runSuitesSequentially(TestNG.java:1244)
	at org.testng.TestNG.runSuitesLocally(TestNG.java:1169)
	at org.testng.TestNG.run(TestNG.java:1064)
	at org.apache.maven.surefire.testng.TestNGExecutor.run(TestNGExecutor.java:283)
	at org.apache.maven.surefire.testng.TestNGXmlTestSuite.execute(TestNGXmlTestSuite.java:75)
	at org.apache.maven.surefire.testng.TestNGProvider.invoke(TestNGProvider.java:120)
	at org.apache.maven.surefire.booter.ForkedBooter.invokeProviderInSameClassLoader(ForkedBooter.java:379)
	at org.apache.maven.surefire.booter.ForkedBooter.runSuitesInProcess(ForkedBooter.java:340)
	at org.apache.maven.surefire.booter.ForkedBooter.execute(ForkedBooter.java:125)
	at org.apache.maven.surefire.booter.ForkedBooter.main(ForkedBooter.java:413)
Caused by: java.net.ConnectException: Connection refused: connect
	at java.base/java.net.PlainSocketImpl.waitForConnect(Native Method)
	at java.base/java.net.PlainSocketImpl.socketConnect(PlainSocketImpl.java:107)
	at java.base/java.net.AbstractPlainSocketImpl.doConnect(AbstractPlainSocketImpl.java:399)
	at java.base/java.net.AbstractPlainSocketImpl.connectToAddress(AbstractPlainSocketImpl.java:240)
	at java.base/java.net.AbstractPlainSocketImpl.connect(AbstractPlainSocketImpl.java:224)
	at java.base/java.net.SocksSocketImpl.connect(SocksSocketImpl.java:403)
	at java.base/java.net.Socket.connect(Socket.java:591)
	at org.apache.http.conn.socket.PlainConnectionSocketFactory.connectSocket(PlainConnectionSocketFactory.java:72)
	at org.apache.http.impl.conn.HttpClientConnectionOperator.connect(HttpClientConnectionOperator.java:117)
	at org.apache.http.impl.conn.PoolingHttpClientConnectionManager.connect(PoolingHttpClientConnectionManager.java:314)
	at org.apache.http.impl.execchain.MainClientExec.establishRoute(MainClientExec.java:363)
	at org.apache.http.impl.execchain.MainClientExec.execute(MainClientExec.java:219)
	at org.apache.http.impl.execchain.ProtocolExec.execute(ProtocolExec.java:195)
	at org.apache.http.impl.execchain.RetryExec.execute(RetryExec.java:86)
	at org.apache.http.impl.execchain.RedirectExec.execute(RedirectExec.java:108)
	at org.apache.http.impl.client.InternalHttpClient.doExecute(InternalHttpClient.java:186)
	at org.apache.http.impl.client.CloseableHttpClient.execute(CloseableHttpClient.java:72)
	at org.apache.http.impl.client.CloseableHttpClient.execute(CloseableHttpClient.java:57)
	at org.openqa.selenium.remote.HttpCommandExecutor.fallBackExecute(HttpCommandExecutor.java:215)
	at org.openqa.selenium.remote.HttpCommandExecutor.execute(HttpCommandExecutor.java:184)
	at org.openqa.selenium.remote.RemoteWebDriver.execute(RemoteWebDriver.java:572)
	at io.appium.java_client.AppiumDriver.execute(AppiumDriver.java:180)
	at org.openqa.selenium.remote.RemoteWebDriver.startSession(RemoteWebDriver.java:240)
	at org.openqa.selenium.remote.RemoteWebDriver.<init>(RemoteWebDriver.java:126)
	at org.openqa.selenium.remote.RemoteWebDriver.<init>(RemoteWebDriver.java:153)
	at io.appium.java_client.AppiumDriver.<init>(AppiumDriver.java:109)
	at io.appium.java_client.android.AndroidDriver.<init>(AndroidDriver.java:39)
	at base.MobileAPI.setUpAndroidEnv(MobileAPI.java:169)
	at base.MobileAPI.setUp(MobileAPI.java:138)
	at java.base/jdk.internal.reflect.NativeMethodAccessorImpl.invoke0(Native Method)
	at java.base/jdk.internal.reflect.NativeMethodAccessorImpl.invoke(NativeMethodAccessorImpl.java:62)
	at java.base/jdk.internal.reflect.DelegatingMethodAccessorImpl.invoke(DelegatingMethodAccessorImpl.java:43)
	at java.base/java.lang.reflect.Method.invoke(Method.java:566)
	at org.testng.internal.MethodInvocationHelper.invokeMethod(MethodInvocationHelper.java:86)
	at org.testng.internal.Invoker.invokeConfigurationMethod(Invoker.java:514)
	at org.testng.internal.Invoker.invokeConfigurations(Invoker.java:215)
	at org.testng.internal.Invoker.invokeMethod(Invoker.java:589)
	at org.testng.internal.Invoker.invokeTestMethod(Invoker.java:820)
	at org.testng.internal.Invoker.invokeTestMethods(Invoker.java:1128)
	at org.testng.internal.TestMethodWorker.invokeTestMethods(TestMethodWorker.java:129)
	at org.testng.internal.TestMethodWorker.run(TestMethodWorker.java:112)
	at org.testng.TestRunner.privateRun(TestRunner.java:782)
	at org.testng.TestRunner.run(TestRunner.java:632)
	at org.testng.SuiteRunner.runTest(SuiteRunner.java:366)
	at org.testng.SuiteRunner.runSequentially(SuiteRunner.java:361)
	at org.testng.SuiteRunner.privateRun(SuiteRunner.java:319)
	at org.testng.SuiteRunner.run(SuiteRunner.java:268)
	at org.testng.SuiteRunnerWorker.runSuite(SuiteRunnerWorker.java:52)
	at org.testng.SuiteRunnerWorker.run(SuiteRunnerWorker.java:86)
	at org.testng.TestNG.runSuitesSequentially(TestNG.java:1244)
	at org.testng.TestNG.runSuitesLocally(TestNG.java:1169)
	at org.testng.TestNG.run(TestNG.java:1064)
	at org.apache.maven.surefire.testng.TestNGExecutor.run(TestNGExecutor.java:283)
	at org.apache.maven.surefire.testng.TestNGXmlTestSuite.execute(TestNGXmlTestSuite.java:75)
	at org.apache.maven.surefire.testng.TestNGProvider.invoke(TestNGProvider.java:120)
	at org.apache.maven.surefire.booter.ForkedBooter.invokeProviderInSameClassLoader(ForkedBooter.java:379)
	at org.apache.maven.surefire.booter.ForkedBooter.runSuitesInProcess(ForkedBooter.java:340)
	at org.apache.maven.surefire.booter.ForkedBooter.execute(ForkedBooter.java:125)
	at org.apache.maven.surefire.booter.ForkedBooter.main(ForkedBooter.java:413)
]]></failure>
    <system-out><![CDATA[Extent Report directory: C:\Users\arifq\Desktop\Java N Selenium\AndroidAutomationProject\SeattleTimes\target\surefire-reports\html
]]></system-out>
    <system-err><![CDATA[Jan 29, 2019 7:23:11 PM com.relevantcodes.extentreports.ExtentReports loadConfig
WARNING: Unable to perform report configuration. The file C:\Users\arifq\Desktop\Java N Selenium\AndroidAutomationProject\SeattleTimes\report-config.xml was not found.
]]></system-err>
  </testcase>
  <testcase name="setUp" classname="testcases.TestHomePage" time="0">
    <skipped/>
  </testcase>
  <testcase name="setUp" classname="testcases.TestHomePage" time="0">
    <skipped/>
  </testcase>
  <testcase name="setUp" classname="testcases.TestHomePage" time="0">
    <skipped/>
  </testcase>
  <testcase name="setUp" classname="testcases.TestHomePage" time="0">
    <skipped/>
  </testcase>
  <testcase name="setUp" classname="testcases.TestHomePage" time="0">
    <skipped/>
  </testcase>
  <testcase name="setUp" classname="testcases.TestHomePage" time="0">
    <skipped/>
  </testcase>
  <testcase name="setUp" classname="testcases.TestHomePage" time="0">
    <skipped/>
  </testcase>
  <testcase name="setUp" classname="testcases.TestHomePage" time="0">
    <skipped/>
  </testcase>
  <testcase name="setUp" classname="testcases.TestHomePage" time="0">
    <skipped/>
  </testcase>
  <testcase name="setUp" classname="testcases.TestHomePage" time="0">
    <skipped/>
  </testcase>
  <testcase name="setUp" classname="testcases.TestHomePage" time="0">
    <skipped/>
  </testcase>
  <testcase name="setUp" classname="testcases.TestHomePage" time="0">
    <skipped/>
  </testcase>
  <testcase name="setUp" classname="testcases.TestHomePage" time="0">
    <skipped/>
  </testcase>
  <testcase name="setUp" classname="testcases.TestHomePage" time="0">
    <skipped/>
  </testcase>
  <testcase name="setUp" classname="testcases.TestHomePage" time="0">
    <skipped/>
  </testcase>
  <testcase name="setUp" classname="testcases.TestHomePage" time="0">
    <skipped/>
  </testcase>
  <testcase name="setUp" classname="testcases.TestHomePage" time="0">
    <skipped/>
  </testcase>
  <testcase name="setUp" classname="testcases.TestHomePage" time="0">
    <skipped/>
  </testcase>
  <testcase name="setUp" classname="testcases.TestHomePage" time="0">
    <skipped/>
  </testcase>
  <testcase name="setUp" classname="testcases.TestHomePage" time="0">
    <skipped/>
  </testcase>
  <testcase name="setUp" classname="testcases.TestHomePage" time="0">
    <skipped/>
  </testcase>
  <testcase name="setUp" classname="testcases.TestHomePage" time="0">
    <skipped/>
  </testcase>
  <testcase name="setUp" classname="testcases.TestHomePage" time="0">
    <skipped/>
  </testcase>
  <testcase name="setUp" classname="testcases.TestHomePage" time="0">
    <skipped/>
  </testcase>
  <testcase name="startExtent" classname="testcases.TestHomePage" time="0">
    <skipped/>
  </testcase>
  <testcase name="startExtent" classname="testcases.TestHomePage" time="0">
    <skipped/>
  </testcase>
  <testcase name="startExtent" classname="testcases.TestHomePage" time="0">
    <skipped/>
  </testcase>
  <testcase name="startExtent" classname="testcases.TestHomePage" time="0">
    <skipped/>
  </testcase>
  <testcase name="startExtent" classname="testcases.TestHomePage" time="0">
    <skipped/>
  </testcase>
  <testcase name="startExtent" classname="testcases.TestHomePage" time="0">
    <skipped/>
  </testcase>
  <testcase name="startExtent" classname="testcases.TestHomePage" time="0">
    <skipped/>
  </testcase>
  <testcase name="startExtent" classname="testcases.TestHomePage" time="0">
    <skipped/>
  </testcase>
  <testcase name="startExtent" classname="testcases.TestHomePage" time="0">
    <skipped/>
  </testcase>
  <testcase name="startExtent" classname="testcases.TestHomePage" time="0">
    <skipped/>
  </testcase>
  <testcase name="startExtent" classname="testcases.TestHomePage" time="0">
    <skipped/>
  </testcase>
  <testcase name="startExtent" classname="testcases.TestHomePage" time="0">
    <skipped/>
  </testcase>
  <testcase name="startExtent" classname="testcases.TestHomePage" time="0">
    <skipped/>
  </testcase>
  <testcase name="startExtent" classname="testcases.TestHomePage" time="0">
    <skipped/>
  </testcase>
  <testcase name="startExtent" classname="testcases.TestHomePage" time="0">
    <skipped/>
  </testcase>
  <testcase name="startExtent" classname="testcases.TestHomePage" time="0">
    <skipped/>
  </testcase>
  <testcase name="startExtent" classname="testcases.TestHomePage" time="0">
    <skipped/>
  </testcase>
  <testcase name="startExtent" classname="testcases.TestHomePage" time="0">
    <skipped/>
  </testcase>
  <testcase name="startExtent" classname="testcases.TestHomePage" time="0">
    <skipped/>
  </testcase>
  <testcase name="startExtent" classname="testcases.TestHomePage" time="0">
    <skipped/>
  </testcase>
  <testcase name="startExtent" classname="testcases.TestHomePage" time="0">
    <skipped/>
  </testcase>
  <testcase name="startExtent" classname="testcases.TestHomePage" time="0">
    <skipped/>
  </testcase>
  <testcase name="startExtent" classname="testcases.TestHomePage" time="0">
    <skipped/>
  </testcase>
  <testcase name="startExtent" classname="testcases.TestHomePage" time="0">
    <skipped/>
  </testcase>
  <testcase name="startExtent" classname="testcases.TestHomePage" time="0">
    <skipped/>
  </testcase>
  <testcase name="initialize" classname="testcases.TestHomePage" time="0">
    <skipped/>
  </testcase>
  <testcase name="initialize" classname="testcases.TestHomePage" time="0">
    <skipped/>
  </testcase>
  <testcase name="initialize" classname="testcases.TestHomePage" time="0">
    <skipped/>
  </testcase>
  <testcase name="initialize" classname="testcases.TestHomePage" time="0">
    <skipped/>
  </testcase>
  <testcase name="initialize" classname="testcases.TestHomePage" time="0">
    <skipped/>
  </testcase>
  <testcase name="initialize" classname="testcases.TestHomePage" time="0">
    <skipped/>
  </testcase>
  <testcase name="initialize" classname="testcases.TestHomePage" time="0">
    <skipped/>
  </testcase>
  <testcase name="initialize" classname="testcases.TestHomePage" time="0">
    <skipped/>
  </testcase>
  <testcase name="initialize" classname="testcases.TestHomePage" time="0">
    <skipped/>
  </testcase>
  <testcase name="initialize" classname="testcases.TestHomePage" time="0">
    <skipped/>
  </testcase>
  <testcase name="initialize" classname="testcases.TestHomePage" time="0">
    <skipped/>
  </testcase>
  <testcase name="initialize" classname="testcases.TestHomePage" time="0">
    <skipped/>
  </testcase>
  <testcase name="initialize" classname="testcases.TestHomePage" time="0">
    <skipped/>
  </testcase>
  <testcase name="initialize" classname="testcases.TestHomePage" time="0">
    <skipped/>
  </testcase>
  <testcase name="initialize" classname="testcases.TestHomePage" time="0">
    <skipped/>
  </testcase>
  <testcase name="initialize" classname="testcases.TestHomePage" time="0">
    <skipped/>
  </testcase>
  <testcase name="initialize" classname="testcases.TestHomePage" time="0">
    <skipped/>
  </testcase>
  <testcase name="initialize" classname="testcases.TestHomePage" time="0">
    <skipped/>
  </testcase>
  <testcase name="initialize" classname="testcases.TestHomePage" time="0">
    <skipped/>
  </testcase>
  <testcase name="initialize" classname="testcases.TestHomePage" time="0">
    <skipped/>
  </testcase>
  <testcase name="initialize" classname="testcases.TestHomePage" time="0">
    <skipped/>
  </testcase>
  <testcase name="initialize" classname="testcases.TestHomePage" time="0">
    <skipped/>
  </testcase>
  <testcase name="initialize" classname="testcases.TestHomePage" time="0">
    <skipped/>
  </testcase>
  <testcase name="initialize" classname="testcases.TestHomePage" time="0">
    <skipped/>
  </testcase>
  <testcase name="initialize" classname="testcases.TestHomePage" time="0">
    <skipped/>
  </testcase>
  <testcase name="test1BurgerButton" classname="testcases.TestHomePage" time="0">
    <skipped/>
  </testcase>
  <testcase name="afterEachTestMethod" classname="testcases.TestHomePage" time="0">
    <skipped/>
  </testcase>
  <testcase name="afterEachTestMethod" classname="testcases.TestHomePage" time="0">
    <skipped/>
  </testcase>
  <testcase name="afterEachTestMethod" classname="testcases.TestHomePage" time="0">
    <skipped/>
  </testcase>
  <testcase name="afterEachTestMethod" classname="testcases.TestHomePage" time="0">
    <skipped/>
  </testcase>
  <testcase name="afterEachTestMethod" classname="testcases.TestHomePage" time="0">
    <skipped/>
  </testcase>
  <testcase name="afterEachTestMethod" classname="testcases.TestHomePage" time="0">
    <skipped/>
  </testcase>
  <testcase name="afterEachTestMethod" classname="testcases.TestHomePage" time="0">
    <skipped/>
  </testcase>
  <testcase name="afterEachTestMethod" classname="testcases.TestHomePage" time="0">
    <skipped/>
  </testcase>
  <testcase name="afterEachTestMethod" classname="testcases.TestHomePage" time="0">
    <skipped/>
  </testcase>
  <testcase name="afterEachTestMethod" classname="testcases.TestHomePage" time="0">
    <skipped/>
  </testcase>
  <testcase name="afterEachTestMethod" classname="testcases.TestHomePage" time="0">
    <skipped/>
  </testcase>
  <testcase name="afterEachTestMethod" classname="testcases.TestHomePage" time="0">
    <skipped/>
  </testcase>
  <testcase name="afterEachTestMethod" classname="testcases.TestHomePage" time="0">
    <skipped/>
  </testcase>
  <testcase name="afterEachTestMethod" classname="testcases.TestHomePage" time="0">
    <skipped/>
  </testcase>
  <testcase name="afterEachTestMethod" classname="testcases.TestHomePage" time="0">
    <skipped/>
  </testcase>
  <testcase name="afterEachTestMethod" classname="testcases.TestHomePage" time="0">
    <skipped/>
  </testcase>
  <testcase name="afterEachTestMethod" classname="testcases.TestHomePage" time="0">
    <skipped/>
  </testcase>
  <testcase name="afterEachTestMethod" classname="testcases.TestHomePage" time="0">
    <skipped/>
  </testcase>
  <testcase name="afterEachTestMethod" classname="testcases.TestHomePage" time="0">
    <skipped/>
  </testcase>
  <testcase name="afterEachTestMethod" classname="testcases.TestHomePage" time="0">
    <skipped/>
  </testcase>
  <testcase name="afterEachTestMethod" classname="testcases.TestHomePage" time="0">
    <skipped/>
  </testcase>
  <testcase name="afterEachTestMethod" classname="testcases.TestHomePage" time="0">
    <skipped/>
  </testcase>
  <testcase name="afterEachTestMethod" classname="testcases.TestHomePage" time="0">
    <skipped/>
  </testcase>
  <testcase name="afterEachTestMethod" classname="testcases.TestHomePage" time="0">
    <skipped/>
  </testcase>
  <testcase name="afterEachTestMethod" classname="testcases.TestHomePage" time="0">
    <skipped/>
  </testcase>
  <testcase name="testBurgerMenuSwipeUpnDown" classname="testcases.TestHomePage" time="0">
    <skipped/>
  </testcase>
  <testcase name="testClickOnEducation" classname="testcases.TestHomePage" time="0">
    <skipped/>
  </testcase>
  <testcase name="testClickOnTopStories" classname="testcases.TestHomePage" time="0">
    <skipped/>
  </testcase>
  <testcase name="testClickOntrending" classname="testcases.TestHomePage" time="0">
    <skipped/>
  </testcase>
  <testcase name="testGetEntertainment" classname="testcases.TestHomePage" time="0">
    <skipped/>
  </testcase>
  <testcase name="testGetLife" classname="testcases.TestHomePage" time="0">
    <skipped/>
  </testcase>
  <testcase name="testGetNationWorld" classname="testcases.TestHomePage" time="0">
    <skipped/>
  </testcase>
  <testcase name="testGetOpinion" classname="testcases.TestHomePage" time="0">
    <skipped/>
  </testcase>
  <testcase name="testGetSports" classname="testcases.TestHomePage" time="0">
    <skipped/>
  </testcase>
  <testcase name="testGetTitle" classname="testcases.TestHomePage" time="0">
    <skipped/>
  </testcase>
  <testcase name="testHomePageSwipeUpnDown" classname="testcases.TestHomePage" time="0">
    <skipped/>
  </testcase>
  <testcase name="testScrollMenuList" classname="testcases.TestHomePage" time="0">
    <skipped/>
  </testcase>
  <testcase name="testTapOnBurgerMenu" classname="testcases.TestHomePage" time="0">
    <skipped/>
  </testcase>
  <testcase name="testTapOnLatest" classname="testcases.TestHomePage" time="0">
    <skipped/>
  </testcase>
  <testcase name="testTapOnTopStories" classname="testcases.TestHomePage" time="0">
    <skipped/>
  </testcase>
  <testcase name="testTapOnTrending" classname="testcases.TestHomePage" time="0">
    <skipped/>
  </testcase>
  <testcase name="testscrollMenuList" classname="testcases.TestHomePage" time="0">
    <skipped/>
  </testcase>
  <testcase name="testscrollPNWMagazine" classname="testcases.TestHomePage" time="0">
    <skipped/>
  </testcase>
  <testcase name="testscrollToBusiness" classname="testcases.TestHomePage" time="0">
    <skipped/>
  </testcase>
  <testcase name="testscrollToGetBusinessNews" classname="testcases.TestHomePage" time="0">
    <skipped/>
  </testcase>
  <testcase name="testscrollToGetNews" classname="testcases.TestHomePage" time="0">
    <skipped/>
  </testcase>
  <testcase name="testscrollToLocal" classname="testcases.TestHomePage" time="0">
    <skipped/>
  </testcase>
  <testcase name="testscrollToMyReadingList" classname="testcases.TestHomePage" time="0">
    <skipped/>
  </testcase>
  <testcase name="testscrollToSports" classname="testcases.TestHomePage" time="0">
    <skipped/>
  </testcase>
  <testcase name="generateReport" classname="testcases.TestHomePage" time="0">
    <skipped/>
  </testcase>
</testsuite>